c:\users\brooks\desktop\compsci\c++\development-tree\development tree\x64\debug\vc143.pdb
c:\users\brooks\desktop\compsci\c++\development-tree\development tree\x64\debug\vc143.idb
c:\users\brooks\desktop\compsci\c++\development-tree\development tree\x64\debug\main.obj
c:\users\brooks\desktop\compsci\c++\development-tree\development tree\x64\debug\utility.obj
c:\users\brooks\desktop\compsci\c++\development-tree\development tree\x64\debug\treenode.obj
c:\users\brooks\desktop\compsci\c++\development-tree\development tree\x64\debug\input.obj
c:\users\brooks\desktop\compsci\c++\development-tree\x64\debug\development tree.exe
c:\users\brooks\desktop\compsci\c++\development-tree\development tree\x64\debug\development tree.ilk
c:\users\brooks\desktop\compsci\c++\development-tree\x64\debug\development tree.pdb
c:\users\brooks\desktop\compsci\c++\development-tree\development tree\x64\debug\fuckyou.obj
c:\users\brooks\desktop\compsci\c++\development-tree\development tree\x64\debug\menu.obj
c:\users\brooks\desktop\compsci\c++\development-tree\development tree\x64\debug\tree.obj
c:\users\brooks\desktop\compsci\c++\development-tree\development tree\x64\debug\menu.obj.enc
c:\users\brooks\desktop\compsci\c++\development-tree\development tree\x64\debug\development tree.tlog\cl.command.1.tlog
c:\users\brooks\desktop\compsci\c++\development-tree\development tree\x64\debug\development tree.tlog\cl.items.tlog
c:\users\brooks\desktop\compsci\c++\development-tree\development tree\x64\debug\development tree.tlog\cl.read.1.tlog
c:\users\brooks\desktop\compsci\c++\development-tree\development tree\x64\debug\development tree.tlog\cl.write.1.tlog
c:\users\brooks\desktop\compsci\c++\development-tree\development tree\x64\debug\development tree.tlog\link.command.1.tlog
c:\users\brooks\desktop\compsci\c++\development-tree\development tree\x64\debug\development tree.tlog\link.read.1.tlog
c:\users\brooks\desktop\compsci\c++\development-tree\development tree\x64\debug\development tree.tlog\link.write.1.tlog
